2024-07-09T11:35:45.493Z
cwd: ~/Documents/updates/new/retirement-change-of-circs-prototype
package: govuk-prototype-kit@13.16.2
argv: ~/.nvm/versions/node/v20.11.1/bin/node ~/.npm/_npx/751a68202a4807b7/node_modules/.bin/govuk-prototype-kit migrate
Started [Check migration is being applied to a pre v13 prototype]
Succeeded [Check migration is being applied to a pre v13 prototype]
2024-07-09T11:35:51.400Z
cwd: ~/Documents/updates/new/retirement-change-of-circs-prototype
package: govuk-prototype-kit@13.16.2
argv: ~/.nvm/versions/node/v20.11.1/bin/node ~/Documents/updates/new/retirement-change-of-circs-prototype/node_modules/.bin/govuk-prototype-kit migrate -- ~/Documents/updates/new/retirement-change-of-circs-prototype
Started [Migrate config.js to config.json]
Started [Update application SCSS file]
Started [Deleted files that are no longer needed]
Started [Deleted directories that are no longer needed]
Started [Delete listen-on-port.js]
Started [Delete VERSION.txt]
Started [Delete Procfile]
Started [Delete app/assets/sass/application-ie8.scss]
Started [Delete app/assets/sass/unbranded-ie8.scss]
Started [Remove unused directory docs]
Started [Remove unused directory lib]
Started [Delete server.js]
Started [Remove unused directory public]
Started [Delete start.js]
Succeeded [Migrate config.js to config.json]
Succeeded [Delete listen-on-port.js]
Succeeded [Delete VERSION.txt]
Succeeded [Delete Procfile]
Succeeded [Delete app/assets/sass/application-ie8.scss]
Succeeded [Delete app/assets/sass/unbranded-ie8.scss]
Succeeded [Delete server.js]
Succeeded [Delete start.js]
Succeeded [Deleted files that are no longer needed]
Started [Overwrite app/assets/javascripts/application.js]
Started [Overwrite app/views/layout.html]
Copying from [node_modules/govuk-prototype-kit/prototype-starter/app/assets/javascripts/application.js] to [app/assets/javascripts/application.js]
Failed [Overwrite app/views/layout.html]
Started [Delete app/assets/images/separator.png]
Started [Delete app/assets/images/separator-2x.png]
Started [Overwrite app/filters.js]
Started [Delete app/assets/javascripts/auto-store-data.js]
Started [Delete app/assets/images/unbranded.ico]
Could not found [// Add your routes here - above the module.exports line] in [app/routes.js], aborting
Started [Delete app/views/layout_unbranded.html]
Started [Delete app/views/includes/head.html]
Started [Delete app/assets/sass/unbranded.scss]
Started [Delete app/views/includes/breadcrumb_examples.html]
Started [Delete app/assets/sass/patterns/_mainstream-guide.scss]
Started [Delete app/views/includes/scripts.html]
Started [Delete app/assets/sass/patterns/_contents-list.scss]
Started [Delete app/assets/sass/patterns/_related-items.scss]
Started [Delete app/assets/sass/patterns/_pagination.scss]
Started [Update app/filters.js]
Failed [Update routes file]
Failed [Delete app/views/layout_unbranded.html]
Started [Delete app/assets/sass/patterns/_task-list.scss]
Succeeded [Delete app/assets/images/separator.png]
Succeeded [Delete app/assets/images/separator-2x.png]
Succeeded [Delete app/assets/javascripts/auto-store-data.js]
Succeeded [Delete app/assets/images/unbranded.ico]
Succeeded [Delete app/views/includes/head.html]
Succeeded [Delete app/views/includes/breadcrumb_examples.html]
Succeeded [Delete app/assets/sass/unbranded.scss]
Succeeded [Delete app/assets/sass/patterns/_mainstream-guide.scss]
Succeeded [Delete app/views/includes/scripts.html]
Succeeded [Delete app/assets/sass/patterns/_contents-list.scss]
Succeeded [Delete app/assets/sass/patterns/_related-items.scss]
Succeeded [Delete app/assets/sass/patterns/_pagination.scss]
Found [// Add extra styles here, or re-organise the Sass files in whichever way makes most sense to you] in [app/assets/sass/application.scss], replacing
Keeping these lines from old file
Succeeded [Delete app/assets/sass/patterns/_task-list.scss]
Started [Delete app/assets/javascripts/jquery-1.11.3.js]
Succeeded [Remove unused directory lib]
Succeeded [Update application SCSS file]
Succeeded [Remove unused directory public]
Succeeded [Delete app/assets/javascripts/jquery-1.11.3.js]
Succeeded [Update app/filters.js]
Succeeded [Overwrite app/filters.js]
Succeeded [Remove unused directory docs]
Succeeded [Deleted directories that are no longer needed]
Succeeded [Overwrite app/assets/javascripts/application.js]
Started [Remove old pattern includes from application SCSS file]
Succeeded [Remove old pattern includes from application SCSS file]
Started [Remove empty directory app/assets/sass/patterns]
Started [Remove empty directory app/assets/images]
Started [Remove empty directory app/views/includes]
Skipped deleting app/views/includes
Succeeded [Remove empty directory app/assets/sass/patterns]
Succeeded [Remove empty directory app/assets/images]
